The system is: Darwin - 14.5.0 - x86_64
Compiling the C compiler identification source file "CMakeCCompilerId.c" succeeded.
Compiler: /Applications/Xcode.app/Contents/Developer/Toolchains/XcodeDefault.xctoolchain/usr/bin/cc 
Build flags: 
Id flags: 

The output was:
0


Compilation of the C compiler identification source "CMakeCCompilerId.c" produced "a.out"

The C compiler identification is AppleClang, found in "/Users/elliotfiske/animation_grad/1_asgn/build/CMakeFiles/3.2.2/CompilerIdC/a.out"

Compiling the CXX compiler identification source file "CMakeCXXCompilerId.cpp" succeeded.
Compiler: /Applications/Xcode.app/Contents/Developer/Toolchains/XcodeDefault.xctoolchain/usr/bin/c++ 
Build flags: 
Id flags: 

The output was:
0


Compilation of the CXX compiler identification source "CMakeCXXCompilerId.cpp" produced "a.out"

The CXX compiler identification is AppleClang, found in "/Users/elliotfiske/animation_grad/1_asgn/build/CMakeFiles/3.2.2/CompilerIdCXX/a.out"

Determining if files pthread.h exist passed with the following output:
Change Dir: /Users/elliotfiske/animation_grad/1_asgn/build/CMakeFiles/CMakeTmp

Run Build Command:"/usr/bin/xcodebuild" "-project" "CMAKE_TRY_COMPILE.xcodeproj" "build" "-target" "cmTryCompileExec2877941842" "-configuration" "Debug"
2016-04-01 14:25:26.658 xcodebuild[1351:61424] [MT] PluginLoading: Required plug-in compatibility UUID F41BD31E-2683-44B8-AE7F-5F09E919790E for plug-in at path '~/Library/Application Support/Developer/Shared/Xcode/Plug-ins/Unity4XC.xcplugin' not present in DVTPlugInCompatibilityUUIDs
2016-04-01 14:25:26.659 xcodebuild[1351:61424] Failed to load plugin at: /Users/elliotfiske/Library/Application Support/Developer/Shared/Xcode/Plug-ins/Unity4XC.xcplugin, skipping.  Reason for failure: *** -[__NSPlaceholderDictionary initWithObjects:forKeys:count:]: attempt to insert nil object from objects[0]
=== BUILD TARGET cmTryCompileExec2877941842 OF PROJECT CMAKE_TRY_COMPILE WITH CONFIGURATION Debug ===

Check dependencies

Write auxiliary files
/bin/mkdir -p /Users/elliotfiske/animation_grad/1_asgn/build/CMakeFiles/CMakeTmp/CMAKE_TRY_COMPILE.build/Debug/cmTryCompileExec2877941842.build/Objects-normal/x86_64
write-file /Users/elliotfiske/animation_grad/1_asgn/build/CMakeFiles/CMakeTmp/CMAKE_TRY_COMPILE.build/Debug/cmTryCompileExec2877941842.build/Objects-normal/x86_64/cmTryCompileExec2877941842.LinkFileList

CompileC CMAKE_TRY_COMPILE.build/Debug/cmTryCompileExec2877941842.build/Objects-normal/x86_64/CheckIncludeFiles.o CheckIncludeFiles.c normal x86_64 c com.apple.compilers.llvm.clang.1_0.compiler
    cd /Users/elliotfiske/animation_grad/1_asgn/build/CMakeFiles/CMakeTmp
    export LANG=en_US.US-ASCII
    /Applications/Xcode.app/Contents/Developer/Toolchains/XcodeDefault.xctoolchain/usr/bin/clang -x c -arch x86_64 -fmessage-length=0 -fdiagnostics-show-note-include-stack -fmacro-backtrace-limit=0 -Wno-trigraphs -fpascal-strings -O0 -Wno-missing-field-initializers -Wno-missing-prototypes -Wno-return-type -Wno-missing-braces -Wparentheses -Wswitch -Wno-unused-function -Wno-unused-label -Wno-unused-parameter -Wno-unused-variable -Wunused-value -Wno-empty-body -Wno-uninitialized -Wno-unknown-pragmas -Wno-shadow -Wno-four-char-constants -Wno-conversion -Wno-constant-conversion -Wno-int-conversion -Wno-bool-conversion -Wno-enum-conversion -Wno-shorten-64-to-32 -Wpointer-sign -Wno-newline-eof -DCMAKE_INTDIR=\"Debug\" -isysroot /Applications/Xcode.app/Contents/Developer/Platforms/MacOSX.platform/Developer/SDKs/MacOSX10.11.sdk -fasm-blocks -fstrict-aliasing -Wdeprecated-declarations -mmacosx-version-min=10.11 -g -Wno-sign-conversion -I/Users/elliotfiske/animation_grad/1_asgn/build/CMakeFiles/CMakeTmp/Debug/include -I/Users/elliotfiske/animation_grad/1_asgn/build/CMakeFiles/CMakeTmp/CMAKE_TRY_COMPILE.build/Debug/cmTryCompileExec2877941842.build/DerivedSources/x86_64 -I/Users/elliotfiske/animation_grad/1_asgn/build/CMakeFiles/CMakeTmp/CMAKE_TRY_COMPILE.build/Debug/cmTryCompileExec2877941842.build/DerivedSources -Wmost -Wno-four-char-constants -Wno-unknown-pragmas -F/Users/elliotfiske/animation_grad/1_asgn/build/CMakeFiles/CMakeTmp/Debug -MMD -MT dependencies -MF /Users/elliotfiske/animation_grad/1_asgn/build/CMakeFiles/CMakeTmp/CMAKE_TRY_COMPILE.build/Debug/cmTryCompileExec2877941842.build/Objects-normal/x86_64/CheckIncludeFiles.d --serialize-diagnostics /Users/elliotfiske/animation_grad/1_asgn/build/CMakeFiles/CMakeTmp/CMAKE_TRY_COMPILE.build/Debug/cmTryCompileExec2877941842.build/Objects-normal/x86_64/CheckIncludeFiles.dia -c /Users/elliotfiske/animation_grad/1_asgn/build/CMakeFiles/CMakeTmp/CheckIncludeFiles.c -o /Users/elliotfiske/animation_grad/1_asgn/build/CMakeFiles/CMakeTmp/CMAKE_TRY_COMPILE.build/Debug/cmTryCompileExec2877941842.build/Objects-normal/x86_64/CheckIncludeFiles.o

Ld Debug/cmTryCompileExec2877941842 normal x86_64
    cd /Users/elliotfiske/animation_grad/1_asgn/build/CMakeFiles/CMakeTmp
    export MACOSX_DEPLOYMENT_TARGET=10.11
    /Applications/Xcode.app/Contents/Developer/Toolchains/XcodeDefault.xctoolchain/usr/bin/clang -arch x86_64 -isysroot /Applications/Xcode.app/Contents/Developer/Platforms/MacOSX.platform/Developer/SDKs/MacOSX10.11.sdk -L/Users/elliotfiske/animation_grad/1_asgn/build/CMakeFiles/CMakeTmp/Debug -F/Users/elliotfiske/animation_grad/1_asgn/build/CMakeFiles/CMakeTmp/Debug -filelist /Users/elliotfiske/animation_grad/1_asgn/build/CMakeFiles/CMakeTmp/CMAKE_TRY_COMPILE.build/Debug/cmTryCompileExec2877941842.build/Objects-normal/x86_64/cmTryCompileExec2877941842.LinkFileList -mmacosx-version-min=10.11 -Wl,-search_paths_first -Wl,-headerpad_max_install_names -Xlinker -dependency_info -Xlinker /Users/elliotfiske/animation_grad/1_asgn/build/CMakeFiles/CMakeTmp/CMAKE_TRY_COMPILE.build/Debug/cmTryCompileExec2877941842.build/Objects-normal/x86_64/cmTryCompileExec2877941842_dependency_info.dat -o /Users/elliotfiske/animation_grad/1_asgn/build/CMakeFiles/CMakeTmp/Debug/cmTryCompileExec2877941842

** BUILD SUCCEEDED **



Determining if the pthread_create exist passed with the following output:
Change Dir: /Users/elliotfiske/animation_grad/1_asgn/build/CMakeFiles/CMakeTmp

Run Build Command:"/usr/bin/xcodebuild" "-project" "CMAKE_TRY_COMPILE.xcodeproj" "build" "-target" "cmTryCompileExec1419075272" "-configuration" "Debug"
2016-04-01 14:25:27.798 xcodebuild[1367:61511] [MT] PluginLoading: Required plug-in compatibility UUID F41BD31E-2683-44B8-AE7F-5F09E919790E for plug-in at path '~/Library/Application Support/Developer/Shared/Xcode/Plug-ins/Unity4XC.xcplugin' not present in DVTPlugInCompatibilityUUIDs
2016-04-01 14:25:27.799 xcodebuild[1367:61511] Failed to load plugin at: /Users/elliotfiske/Library/Application Support/Developer/Shared/Xcode/Plug-ins/Unity4XC.xcplugin, skipping.  Reason for failure: *** -[__NSPlaceholderDictionary initWithObjects:forKeys:count:]: attempt to insert nil object from objects[0]
=== BUILD TARGET cmTryCompileExec1419075272 OF PROJECT CMAKE_TRY_COMPILE WITH CONFIGURATION Debug ===

Check dependencies

Write auxiliary files
/bin/mkdir -p /Users/elliotfiske/animation_grad/1_asgn/build/CMakeFiles/CMakeTmp/CMAKE_TRY_COMPILE.build/Debug/cmTryCompileExec1419075272.build/Objects-normal/x86_64
write-file /Users/elliotfiske/animation_grad/1_asgn/build/CMakeFiles/CMakeTmp/CMAKE_TRY_COMPILE.build/Debug/cmTryCompileExec1419075272.build/Objects-normal/x86_64/cmTryCompileExec1419075272.LinkFileList

CompileC CMAKE_TRY_COMPILE.build/Debug/cmTryCompileExec1419075272.build/Objects-normal/x86_64/CheckSymbolExists.o CheckSymbolExists.c normal x86_64 c com.apple.compilers.llvm.clang.1_0.compiler
    cd /Users/elliotfiske/animation_grad/1_asgn/build/CMakeFiles/CMakeTmp
    export LANG=en_US.US-ASCII
    /Applications/Xcode.app/Contents/Developer/Toolchains/XcodeDefault.xctoolchain/usr/bin/clang -x c -arch x86_64 -fmessage-length=0 -fdiagnostics-show-note-include-stack -fmacro-backtrace-limit=0 -Wno-trigraphs -fpascal-strings -O0 -Wno-missing-field-initializers -Wno-missing-prototypes -Wno-return-type -Wno-missing-braces -Wparentheses -Wswitch -Wno-unused-function -Wno-unused-label -Wno-unused-parameter -Wno-unused-variable -Wunused-value -Wno-empty-body -Wno-uninitialized -Wno-unknown-pragmas -Wno-shadow -Wno-four-char-constants -Wno-conversion -Wno-constant-conversion -Wno-int-conversion -Wno-bool-conversion -Wno-enum-conversion -Wno-shorten-64-to-32 -Wpointer-sign -Wno-newline-eof -DCMAKE_INTDIR=\"Debug\" -isysroot /Applications/Xcode.app/Contents/Developer/Platforms/MacOSX.platform/Developer/SDKs/MacOSX10.11.sdk -fasm-blocks -fstrict-aliasing -Wdeprecated-declarations -mmacosx-version-min=10.11 -g -Wno-sign-conversion -I/Users/elliotfiske/animation_grad/1_asgn/build/CMakeFiles/CMakeTmp/Debug/include -I/Users/elliotfiske/animation_grad/1_asgn/build/CMakeFiles/CMakeTmp/CMAKE_TRY_COMPILE.build/Debug/cmTryCompileExec1419075272.build/DerivedSources/x86_64 -I/Users/elliotfiske/animation_grad/1_asgn/build/CMakeFiles/CMakeTmp/CMAKE_TRY_COMPILE.build/Debug/cmTryCompileExec1419075272.build/DerivedSources -Wmost -Wno-four-char-constants -Wno-unknown-pragmas -F/Users/elliotfiske/animation_grad/1_asgn/build/CMakeFiles/CMakeTmp/Debug -MMD -MT dependencies -MF /Users/elliotfiske/animation_grad/1_asgn/build/CMakeFiles/CMakeTmp/CMAKE_TRY_COMPILE.build/Debug/cmTryCompileExec1419075272.build/Objects-normal/x86_64/CheckSymbolExists.d --serialize-diagnostics /Users/elliotfiske/animation_grad/1_asgn/build/CMakeFiles/CMakeTmp/CMAKE_TRY_COMPILE.build/Debug/cmTryCompileExec1419075272.build/Objects-normal/x86_64/CheckSymbolExists.dia -c /Users/elliotfiske/animation_grad/1_asgn/build/CMakeFiles/CMakeTmp/CheckSymbolExists.c -o /Users/elliotfiske/animation_grad/1_asgn/build/CMakeFiles/CMakeTmp/CMAKE_TRY_COMPILE.build/Debug/cmTryCompileExec1419075272.build/Objects-normal/x86_64/CheckSymbolExists.o

Ld Debug/cmTryCompileExec1419075272 normal x86_64
    cd /Users/elliotfiske/animation_grad/1_asgn/build/CMakeFiles/CMakeTmp
    export MACOSX_DEPLOYMENT_TARGET=10.11
    /Applications/Xcode.app/Contents/Developer/Toolchains/XcodeDefault.xctoolchain/usr/bin/clang -arch x86_64 -isysroot /Applications/Xcode.app/Contents/Developer/Platforms/MacOSX.platform/Developer/SDKs/MacOSX10.11.sdk -L/Users/elliotfiske/animation_grad/1_asgn/build/CMakeFiles/CMakeTmp/Debug -F/Users/elliotfiske/animation_grad/1_asgn/build/CMakeFiles/CMakeTmp/Debug -filelist /Users/elliotfiske/animation_grad/1_asgn/build/CMakeFiles/CMakeTmp/CMAKE_TRY_COMPILE.build/Debug/cmTryCompileExec1419075272.build/Objects-normal/x86_64/cmTryCompileExec1419075272.LinkFileList -mmacosx-version-min=10.11 -Wl,-search_paths_first -Wl,-headerpad_max_install_names -Xlinker -dependency_info -Xlinker /Users/elliotfiske/animation_grad/1_asgn/build/CMakeFiles/CMakeTmp/CMAKE_TRY_COMPILE.build/Debug/cmTryCompileExec1419075272.build/Objects-normal/x86_64/cmTryCompileExec1419075272_dependency_info.dat -o /Users/elliotfiske/animation_grad/1_asgn/build/CMakeFiles/CMakeTmp/Debug/cmTryCompileExec1419075272

** BUILD SUCCEEDED **


File /Users/elliotfiske/animation_grad/1_asgn/build/CMakeFiles/CMakeTmp/CheckSymbolExists.c:
/* */
#include <pthread.h>

int main(int argc, char** argv)
{
  (void)argv;
#ifndef pthread_create
  return ((int*)(&pthread_create))[argc];
#else
  (void)argc;
  return 0;
#endif
}

